Gen0:
  1 2 3 4 5 
1 * * *   * 
2 *         
3       * * 
4   * *   * 
5 *   *   * 

Gen1:
  1 2 3 4 5 
1 * *       
2 *   *   * 
3   * * * * 
4   * *   * 
5     *     

Gen2:
  1 2 3 4 5 
1 * *       
2 *       * 
3 *       * 
4         * 
5   * * *   

Gen3:
  1 2 3 4 5 
1 * *       
2 *         
3       * * 
4   * *   * 
5     * *   

Gen4:
  1 2 3 4 5 
1 * *       
2 * *       
3   * * * * 
4   *     * 
5   * * *   

Gen5:
  1 2 3 4 5 
1 * *       
2       *   
3       * * 
4 *       * 
5   * * *   

Gen6:
  1 2 3 4 5 
1           
2     * * * 
3       * * 
4   *     * 
5   * * *   

Gen7:
  1 2 3 4 5 
1       *   
2     *   * 
3           
4   *     * 
5   * * *   

Gen8:
  1 2 3 4 5 
1       *   
2       *   
3       *   
4   *   *   
5   * * *   

Gen9:
  1 2 3 4 5 
1           
2     * * * 
3       * * 
4   *   * * 
5   *   *   

Gen10:
  1 2 3 4 5 
1       *   
2     *   * 
3           
4           
5       * * 

Gen11:
  1 2 3 4 5 
1       *   
2       *   
3           
4           
5           

Gen12:
  1 2 3 4 5 
1           
2           
3           
4           
5           

